<?xml version="1.0" encoding="UTF-8"?>
<!-- Generated by org.testng.reporters.JUnitReportReporter -->
<testsuite skipped="0" hostname="DESKTOP-UPFI8QV" name="com.ibm.kenkins.com.ibm.jenkins.NewTest" tests="1" failures="0" timestamp="04 Jan 2019 05:13:43 GMT" time="0.007" errors="0">
  <testcase name="f" time="0.007" classname="com.ibm.kenkins.com.ibm.jenkins.NewTest"/>
</testsuite> <!-- com.ibm.kenkins.com.ibm.jenkins.NewTest -->
